<?xml version="1.0" encoding="UTF-8"?>
<testng-results skipped="0" failed="0" total="1" passed="1">
  <reporter-output>
  </reporter-output>
  <suite name="Default suite" duration-ms="9778" started-at="2013-02-10T18:10:17Z" finished-at="2013-02-10T18:10:27Z">
    <groups>
    </groups>
    <test name="Default test" duration-ms="9778" started-at="2013-02-10T18:10:17Z" finished-at="2013-02-10T18:10:27Z">
      <class name="tests.ControlTests">
        <test-method status="PASS" signature="beforeClass()[pri:0, instance:tests.ControlTests@571f0759]" name="beforeClass" is-config="true" duration-ms="8" started-at="2013-02-10T18:10:17Z" finished-at="2013-02-10T18:10:17Z">
          <reporter-output>
          </reporter-output>
        </test-method> <!-- beforeClass -->
        <test-method status="PASS" signature="beforeTest()[pri:0, instance:tests.ControlTests@571f0759]" name="beforeTest" is-config="true" duration-ms="7548" started-at="2013-02-10T18:10:17Z" finished-at="2013-02-10T18:10:25Z">
          <reporter-output>
          </reporter-output>
        </test-method> <!-- beforeTest -->
        <test-method status="PASS" signature="CheckFindLinkByIdAndClick()[pri:0, instance:tests.ControlTests@571f0759]" name="CheckFindLinkByIdAndClick" duration-ms="2128" started-at="2013-02-10T18:10:25Z" finished-at="2013-02-10T18:10:27Z">
          <reporter-output>
          </reporter-output>
        </test-method> <!-- CheckFindLinkByIdAndClick -->
        <test-method status="PASS" signature="afterTest()[pri:0, instance:tests.ControlTests@571f0759]" name="afterTest" is-config="true" duration-ms="80" started-at="2013-02-10T18:10:27Z" finished-at="2013-02-10T18:10:27Z">
          <reporter-output>
          </reporter-output>
        </test-method> <!-- afterTest -->
        <test-method status="PASS" signature="afterClass()[pri:0, instance:tests.ControlTests@571f0759]" name="afterClass" is-config="true" duration-ms="0" started-at="2013-02-10T18:10:27Z" finished-at="2013-02-10T18:10:27Z">
          <reporter-output>
          </reporter-output>
        </test-method> <!-- afterClass -->
      </class> <!-- tests.ControlTests -->
    </test> <!-- Default test -->
  </suite> <!-- Default suite -->
</testng-results>
